<?xml version="1.0" encoding="UTF-8"?>
<testng-results ignored="0" total="2" passed="2" failed="0" skipped="0">
  <reporter-output>
  </reporter-output>
  <suite started-at="2024-10-18T16:50:47 IST" name="RegressionSuite" finished-at="2024-10-18T16:51:37 IST" duration-ms="50120">
    <groups>
    </groups>
    <test started-at="2024-10-18T16:50:47 IST" name="MicrosoftEdgeTest" finished-at="2024-10-18T16:51:33 IST" duration-ms="45865">
      <class name="amazonTestClass.ValidateCartAndBuy">
        <test-method is-config="true" signature="openBrowser(java.lang.String)[pri:0, instance:amazonTestClass.ValidateCartAndBuy@397fbdb]" started-at="2024-10-18T16:50:47 IST" name="openBrowser" finished-at="2024-10-18T16:50:50 IST" duration-ms="3075" status="PASS">
          <params>
            <param index="0">
              <value>
                <![CDATA[Chrome]]>
              </value>
            </param>
          </params>
          <reporter-output>
          </reporter-output>
        </test-method> <!-- openBrowser -->
        <test-method is-config="true" signature="initializePOM()[pri:0, instance:amazonTestClass.ValidateCartAndBuy@397fbdb]" started-at="2024-10-18T16:50:50 IST" name="initializePOM" finished-at="2024-10-18T16:50:50 IST" duration-ms="143" status="PASS">
          <reporter-output>
          </reporter-output>
        </test-method> <!-- initializePOM -->
        <test-method is-config="true" signature="urlHit()[pri:0, instance:amazonTestClass.ValidateCartAndBuy@397fbdb]" started-at="2024-10-18T16:50:50 IST" name="urlHit" finished-at="2024-10-18T16:50:58 IST" duration-ms="7731" status="PASS">
          <reporter-output>
          </reporter-output>
        </test-method> <!-- urlHit -->
        <test-method signature="LoginPage()[pri:0, instance:amazonTestClass.ValidateCartAndBuy@397fbdb]" started-at="2024-10-18T16:50:58 IST" name="LoginPage" finished-at="2024-10-18T16:51:33 IST" duration-ms="34841" status="PASS">
          <reporter-output>
          </reporter-output>
        </test-method> <!-- LoginPage -->
        <test-method is-config="true" signature="logout()[pri:0, instance:amazonTestClass.ValidateCartAndBuy@397fbdb]" started-at="2024-10-18T16:51:33 IST" name="logout" finished-at="2024-10-18T16:51:33 IST" duration-ms="3" status="PASS">
          <reporter-output>
          </reporter-output>
        </test-method> <!-- logout -->
      </class> <!-- amazonTestClass.ValidateCartAndBuy -->
    </test> <!-- MicrosoftEdgeTest -->
    <test started-at="2024-10-18T16:50:47 IST" name="ChromeTest" finished-at="2024-10-18T16:51:37 IST" duration-ms="50120">
      <class name="amazonTestClass.ValidateCartAndBuy">
        <test-method is-config="true" signature="openBrowser(java.lang.String)[pri:0, instance:amazonTestClass.ValidateCartAndBuy@662ac478]" started-at="2024-10-18T16:50:47 IST" name="openBrowser" finished-at="2024-10-18T16:50:53 IST" duration-ms="6142" status="PASS">
          <params>
            <param index="0">
              <value>
                <![CDATA[Edge]]>
              </value>
            </param>
          </params>
          <reporter-output>
          </reporter-output>
        </test-method> <!-- openBrowser -->
        <test-method is-config="true" signature="initializePOM()[pri:0, instance:amazonTestClass.ValidateCartAndBuy@662ac478]" started-at="2024-10-18T16:50:53 IST" name="initializePOM" finished-at="2024-10-18T16:50:53 IST" duration-ms="115" status="PASS">
          <reporter-output>
          </reporter-output>
        </test-method> <!-- initializePOM -->
        <test-method is-config="true" signature="urlHit()[pri:0, instance:amazonTestClass.ValidateCartAndBuy@662ac478]" started-at="2024-10-18T16:50:53 IST" name="urlHit" finished-at="2024-10-18T16:51:01 IST" duration-ms="7746" status="PASS">
          <reporter-output>
          </reporter-output>
        </test-method> <!-- urlHit -->
        <test-method signature="LoginPage()[pri:0, instance:amazonTestClass.ValidateCartAndBuy@662ac478]" started-at="2024-10-18T16:51:01 IST" name="LoginPage" finished-at="2024-10-18T16:51:37 IST" duration-ms="36097" status="PASS">
          <reporter-output>
          </reporter-output>
        </test-method> <!-- LoginPage -->
        <test-method is-config="true" signature="logout()[pri:0, instance:amazonTestClass.ValidateCartAndBuy@662ac478]" started-at="2024-10-18T16:51:37 IST" name="logout" finished-at="2024-10-18T16:51:37 IST" duration-ms="0" status="PASS">
          <reporter-output>
          </reporter-output>
        </test-method> <!-- logout -->
      </class> <!-- amazonTestClass.ValidateCartAndBuy -->
    </test> <!-- ChromeTest -->
  </suite> <!-- RegressionSuite -->
</testng-results>
